<?xml version="1.0" encoding="UTF-8"?>
<!-- Generated by org.testng.reporters.JUnitXMLReporter -->
<testsuite hostname="LAPTOP-HN04VOS8" ignored="0" name="Test" tests="4" failures="2" timestamp="03 Jul 2019 11:07:32 GMT" time="45.242" errors="0">
  <testcase name="Logintest" time="0.476" classname="com.qa.TestLayer.TestLayer1"/>
  <testcase name="Logintest2" time="1.054" classname="com.qa.TestLayer.TestLayer1">
    <failure type="java.lang.AssertionError" message="expected [true] but found [false]">
      <![CDATA[java.lang.AssertionError: expected [true] but found [false]
at com.qa.Pagelayer.LoginPage.Login2(LoginPage.java:30)
at com.qa.TestLayer.TestLayer1.Logintest2(TestLayer1.java:27)
... Removed 29 stack frames]]>
    </failure>
  </testcase> <!-- Logintest2 -->
  <testcase name="Logintest12" time="0.985" classname="com.qa.TestLayer.TestLayer2"/>
  <testcase name="Logintest22" time="0.301" classname="com.qa.TestLayer.TestLayer2">
    <failure type="java.lang.AssertionError" message="expected [true] but found [false]">
      <![CDATA[java.lang.AssertionError: expected [true] but found [false]
at com.qa.Pagelayer.LoginPage.Login2(LoginPage.java:30)
at com.qa.TestLayer.TestLayer2.Logintest22(TestLayer2.java:27)
... Removed 29 stack frames]]>
    </failure>
  </testcase> <!-- Logintest22 -->
</testsuite> <!-- Test -->
