<?xml version="1.0" encoding="UTF-8"?>
<!-- Generated by org.testng.reporters.JUnitXMLReporter -->
<testsuite hostname="LAPTOP-HN04VOS8" ignored="0" name="Test" tests="2" failures="1" timestamp="03 Jul 2019 10:24:13 GMT" time="20.524" errors="0">
  <testcase name="Logintest" time="0.861" classname="com.qa.TestLayer.TestLayer"/>
  <testcase name="Logintest2" time="0.854" classname="com.qa.TestLayer.TestLayer">
    <failure type="java.lang.AssertionError" message="expected [true] but found [false]">
      <![CDATA[java.lang.AssertionError: expected [true] but found [false]
at com.qa.Pagelayer.LoginPage.Login2(LoginPage.java:30)
at com.qa.TestLayer.TestLayer.Logintest2(TestLayer.java:27)
... Removed 29 stack frames]]>
    </failure>
  </testcase> <!-- Logintest2 -->
</testsuite> <!-- Test -->
